iperf 3.1.3
CYGWIN_NT-10.0 Killer-PC 2.5.1(0.297/5/3) 2016-04-21 22:14 x86_64
-----------------------------------------------------------
Server listening on 5201
-----------------------------------------------------------
Time: Fri, 01 Nov 2024 06:09:21 GMT
Accepted connection from 192.168.0.14, port 42254
      Cookie: h7oyyzin2kulw2nozwphk7o62oov6vredh6s
      TCP MSS: 0 (default)
[  6] local 192.168.0.6 port 5201 connected to 192.168.0.14 port 42270
Starting Test: protocol: TCP, 1 streams, 131072 byte blocks, omitting 0 seconds, 10 second test
[ ID] Interval           Transfer     Bandwidth
[  6]   0.00-1.00   sec  3.46 MBytes  28.9 Mbits/sec                  
[  6]   1.00-2.00   sec  4.23 MBytes  35.6 Mbits/sec                  
[  6]   2.00-3.00   sec  3.58 MBytes  30.1 Mbits/sec                  
[  6]   3.00-4.00   sec  3.91 MBytes  32.8 Mbits/sec                  
[  6]   4.00-5.00   sec  3.89 MBytes  32.7 Mbits/sec                  
[  6]   5.00-6.00   sec  4.05 MBytes  33.9 Mbits/sec                  
[  6]   6.00-7.00   sec  3.60 MBytes  30.3 Mbits/sec                  
[  6]   7.00-8.00   sec  3.78 MBytes  31.6 Mbits/sec                  
[  6]   8.00-9.00   sec  3.79 MBytes  31.9 Mbits/sec                  
[  6]   9.00-10.00  sec  3.69 MBytes  30.9 Mbits/sec                  
[  6]  10.00-10.05  sec   160 KBytes  27.6 Mbits/sec                  
- - - - - - - - - - - - - - - - - - - - - - - - -
Test Complete. Summary Results:
[ ID] Interval           Transfer     Bandwidth
[  6]   0.00-10.05  sec  0.00 Bytes  0.00 bits/sec                  sender
[  6]   0.00-10.05  sec  38.1 MBytes  31.8 Mbits/sec                  receiver
CPU Utilization: local/receiver 0.5% (0.2%u/0.2%s), remote/sender 0.0% (0.0%u/0.0%s)
iperf 3.1.3
CYGWIN_NT-10.0 Killer-PC 2.5.1(0.297/5/3) 2016-04-21 22:14 x86_64
-----------------------------------------------------------
Server listening on 5201
-----------------------------------------------------------
iperf3: interrupt - the server has terminated
