iperf 3.1.3
CYGWIN_NT-10.0 Killer-PC 2.5.1(0.297/5/3) 2016-04-21 22:14 x86_64
-----------------------------------------------------------
Server listening on 5201
-----------------------------------------------------------
Time: Thu, 07 Nov 2024 05:10:26 GMT
Accepted connection from 192.168.0.14, port 32986
      Cookie: 7tnrf7ugbg3vylzmj7d2hj4sn5hqmedyerea
      TCP MSS: 0 (default)
[  6] local 192.168.0.10 port 5201 connected to 192.168.0.14 port 32992
Starting Test: protocol: TCP, 1 streams, 131072 byte blocks, omitting 0 seconds, 10 second test
[ ID] Interval           Transfer     Bandwidth
[  6]   0.00-1.00   sec  3.97 MBytes  33.3 Mbits/sec                  
[  6]   1.00-2.00   sec  4.30 MBytes  36.1 Mbits/sec                  
[  6]   2.00-3.00   sec  4.08 MBytes  34.2 Mbits/sec                  
[  6]   3.00-4.00   sec  1.78 MBytes  14.8 Mbits/sec                  
[  6]   4.00-5.00   sec  3.15 MBytes  26.5 Mbits/sec                  
[  6]   5.00-6.00   sec  3.48 MBytes  29.2 Mbits/sec                  
[  6]   6.00-7.00   sec  3.90 MBytes  32.7 Mbits/sec                  
[  6]   7.00-8.00   sec  3.69 MBytes  30.9 Mbits/sec                  
[  6]   8.00-9.00   sec  3.52 MBytes  29.5 Mbits/sec                  
[  6]   9.00-10.00  sec  3.53 MBytes  29.6 Mbits/sec                  
[  6]  10.00-10.06  sec   221 KBytes  30.4 Mbits/sec                  
- - - - - - - - - - - - - - - - - - - - - - - - -
Test Complete. Summary Results:
[ ID] Interval           Transfer     Bandwidth
[  6]   0.00-10.06  sec  0.00 Bytes  0.00 bits/sec                  sender
[  6]   0.00-10.06  sec  35.6 MBytes  29.7 Mbits/sec                  receiver
CPU Utilization: local/receiver 1.4% (0.4%u/1.0%s), remote/sender 0.0% (0.0%u/0.0%s)
iperf 3.1.3
CYGWIN_NT-10.0 Killer-PC 2.5.1(0.297/5/3) 2016-04-21 22:14 x86_64
