iperf 3.1.3
CYGWIN_NT-10.0 Killer-PC 2.5.1(0.297/5/3) 2016-04-21 22:14 x86_64
-----------------------------------------------------------
Server listening on 5201
-----------------------------------------------------------
Time: Wed, 06 Nov 2024 06:55:52 GMT
Accepted connection from 192.168.0.14, port 51052
      Cookie: ae3rpov3ze3bbdpck2tx7hlstfws2djle35h
      TCP MSS: 0 (default)
[  6] local 192.168.0.10 port 5201 connected to 192.168.0.14 port 51058
Starting Test: protocol: TCP, 1 streams, 131072 byte blocks, omitting 0 seconds, 10 second test
[ ID] Interval           Transfer     Bandwidth
[  6]   0.00-1.01   sec  3.24 MBytes  26.9 Mbits/sec                  
[  6]   1.01-2.00   sec  3.82 MBytes  32.4 Mbits/sec                  
[  6]   2.00-3.00   sec  4.03 MBytes  33.8 Mbits/sec                  
[  6]   3.00-4.00   sec  4.03 MBytes  33.8 Mbits/sec                  
[  6]   4.00-5.00   sec  4.02 MBytes  33.7 Mbits/sec                  
[  6]   5.00-6.00   sec  3.84 MBytes  32.2 Mbits/sec                  
[  6]   6.00-7.00   sec  3.93 MBytes  32.9 Mbits/sec                  
[  6]   7.00-8.00   sec  4.01 MBytes  33.6 Mbits/sec                  
[  6]   8.00-9.00   sec  4.04 MBytes  33.9 Mbits/sec                  
[  6]   9.00-10.00  sec  3.94 MBytes  33.0 Mbits/sec                  
[  6]  10.00-10.04  sec   199 KBytes  40.3 Mbits/sec                  
- - - - - - - - - - - - - - - - - - - - - - - - -
Test Complete. Summary Results:
[ ID] Interval           Transfer     Bandwidth
[  6]   0.00-10.04  sec  0.00 Bytes  0.00 bits/sec                  sender
[  6]   0.00-10.04  sec  39.1 MBytes  32.7 Mbits/sec                  receiver
CPU Utilization: local/receiver 0.7% (0.3%u/0.5%s), remote/sender 0.0% (0.0%u/0.0%s)
iperf 3.1.3
CYGWIN_NT-10.0 Killer-PC 2.5.1(0.297/5/3) 2016-04-21 22:14 x86_64
-----------------------------------------------------------
Server listening on 5201
-----------------------------------------------------------
iperf3: interrupt - the server has terminated
