iperf 3.1.3
CYGWIN_NT-10.0 Killer-PC 2.5.1(0.297/5/3) 2016-04-21 22:14 x86_64
-----------------------------------------------------------
Server listening on 5201
-----------------------------------------------------------
Time: Wed, 06 Nov 2024 05:32:50 GMT
Accepted connection from 192.168.0.14, port 39994
      Cookie: kyhzc5kzanos6hrjo2ze7srkvxmqhguhho3r
      TCP MSS: 0 (default)
[  6] local 192.168.0.10 port 5201 connected to 192.168.0.14 port 39998
Starting Test: protocol: TCP, 1 streams, 131072 byte blocks, omitting 0 seconds, 10 second test
[ ID] Interval           Transfer     Bandwidth
[  6]   0.00-1.00   sec  2.46 MBytes  20.6 Mbits/sec                  
[  6]   1.00-2.00   sec  2.98 MBytes  24.9 Mbits/sec                  
[  6]   2.00-3.00   sec  2.77 MBytes  23.3 Mbits/sec                  
[  6]   3.00-4.00   sec  3.04 MBytes  25.4 Mbits/sec                  
[  6]   4.00-5.00   sec  2.43 MBytes  20.5 Mbits/sec                  
[  6]   5.00-6.00   sec  2.49 MBytes  20.9 Mbits/sec                  
[  6]   6.00-7.01   sec  2.35 MBytes  19.5 Mbits/sec                  
[  6]   7.01-8.00   sec  2.29 MBytes  19.3 Mbits/sec                  
[  6]   8.00-9.00   sec  2.71 MBytes  22.7 Mbits/sec                  
[  6]   9.00-10.00  sec  2.70 MBytes  22.7 Mbits/sec                  
[  6]  10.00-10.07  sec   209 KBytes  26.6 Mbits/sec                  
- - - - - - - - - - - - - - - - - - - - - - - - -
Test Complete. Summary Results:
[ ID] Interval           Transfer     Bandwidth
[  6]   0.00-10.07  sec  0.00 Bytes  0.00 bits/sec                  sender
[  6]   0.00-10.07  sec  26.4 MBytes  22.0 Mbits/sec                  receiver
CPU Utilization: local/receiver 0.2% (0.0%u/0.2%s), remote/sender 0.0% (0.0%u/0.0%s)
iperf 3.1.3
CYGWIN_NT-10.0 Killer-PC 2.5.1(0.297/5/3) 2016-04-21 22:14 x86_64
