iperf 3.1.3
CYGWIN_NT-10.0 Killer-PC 2.5.1(0.297/5/3) 2016-04-21 22:14 x86_64
-----------------------------------------------------------
Server listening on 5201
-----------------------------------------------------------
Time: Thu, 31 Oct 2024 04:27:00 GMT
Accepted connection from 192.168.0.14, port 51600
      Cookie: mysfbpxgeayl27b6qaatyu3ekytf3acaij7j
      TCP MSS: 0 (default)
[  6] local 192.168.0.6 port 5201 connected to 192.168.0.14 port 51608
Starting Test: protocol: TCP, 1 streams, 131072 byte blocks, omitting 0 seconds, 10 second test
[ ID] Interval           Transfer     Bandwidth
[  6]   0.00-1.00   sec  3.71 MBytes  31.1 Mbits/sec                  
[  6]   1.00-2.00   sec  3.89 MBytes  32.7 Mbits/sec                  
[  6]   2.00-3.00   sec  3.67 MBytes  30.8 Mbits/sec                  
[  6]   3.00-4.00   sec  3.67 MBytes  30.8 Mbits/sec                  
[  6]   4.00-5.00   sec  4.28 MBytes  35.9 Mbits/sec                  
[  6]   5.00-6.00   sec  4.12 MBytes  34.6 Mbits/sec                  
[  6]   6.00-7.00   sec  4.24 MBytes  35.5 Mbits/sec                  
[  6]   7.00-8.00   sec  4.63 MBytes  38.8 Mbits/sec                  
[  6]   8.00-9.00   sec  4.79 MBytes  40.2 Mbits/sec                  
[  6]   9.00-10.00  sec  4.67 MBytes  39.1 Mbits/sec                  
[  6]  10.00-10.05  sec   206 KBytes  35.1 Mbits/sec                  
- - - - - - - - - - - - - - - - - - - - - - - - -
Test Complete. Summary Results:
[ ID] Interval           Transfer     Bandwidth
[  6]   0.00-10.05  sec  0.00 Bytes  0.00 bits/sec                  sender
[  6]   0.00-10.05  sec  41.9 MBytes  35.0 Mbits/sec                  receiver
CPU Utilization: local/receiver 0.5% (0.3%u/0.3%s), remote/sender 0.0% (0.0%u/0.0%s)
iperf 3.1.3
CYGWIN_NT-10.0 Killer-PC 2.5.1(0.297/5/3) 2016-04-21 22:14 x86_64
