iperf 3.1.3
CYGWIN_NT-10.0 Killer-PC 2.5.1(0.297/5/3) 2016-04-21 22:14 x86_64
-----------------------------------------------------------
Server listening on 5201
-----------------------------------------------------------
Time: Thu, 31 Oct 2024 06:18:08 GMT
Accepted connection from 192.168.0.14, port 34374
      Cookie: ed6ggmp5nfhgncboicjaecqrrfi7cssh3uwo
      TCP MSS: 0 (default)
[  6] local 192.168.0.6 port 5201 connected to 192.168.0.14 port 34386
Starting Test: protocol: TCP, 1 streams, 131072 byte blocks, omitting 0 seconds, 10 second test
[ ID] Interval           Transfer     Bandwidth
[  6]   0.00-1.00   sec  4.14 MBytes  34.7 Mbits/sec                  
[  6]   1.00-2.00   sec  4.27 MBytes  35.8 Mbits/sec                  
[  6]   2.00-3.00   sec  4.22 MBytes  35.4 Mbits/sec                  
[  6]   3.00-4.00   sec  4.22 MBytes  35.4 Mbits/sec                  
[  6]   4.00-5.00   sec  4.52 MBytes  38.0 Mbits/sec                  
[  6]   5.00-6.00   sec  4.49 MBytes  37.6 Mbits/sec                  
[  6]   6.00-7.00   sec  4.40 MBytes  37.1 Mbits/sec                  
[  6]   7.00-8.00   sec  4.43 MBytes  37.1 Mbits/sec                  
[  6]   8.00-9.00   sec  4.70 MBytes  39.5 Mbits/sec                  
[  6]   9.00-10.00  sec  4.48 MBytes  37.5 Mbits/sec                  
[  6]  10.00-10.06  sec   267 KBytes  39.9 Mbits/sec                  
- - - - - - - - - - - - - - - - - - - - - - - - -
Test Complete. Summary Results:
[ ID] Interval           Transfer     Bandwidth
[  6]   0.00-10.06  sec  0.00 Bytes  0.00 bits/sec                  sender
[  6]   0.00-10.06  sec  44.1 MBytes  36.8 Mbits/sec                  receiver
CPU Utilization: local/receiver 1.6% (1.1%u/0.5%s), remote/sender 0.0% (0.0%u/0.0%s)
iperf 3.1.3
CYGWIN_NT-10.0 Killer-PC 2.5.1(0.297/5/3) 2016-04-21 22:14 x86_64
-----------------------------------------------------------
Server listening on 5201
-----------------------------------------------------------
iperf3: interrupt - the server has terminated
