iperf 3.1.3
CYGWIN_NT-10.0 Killer-PC 2.5.1(0.297/5/3) 2016-04-21 22:14 x86_64
-----------------------------------------------------------
Server listening on 5201
-----------------------------------------------------------
Time: Mon, 04 Nov 2024 23:42:39 GMT
Accepted connection from 192.168.0.14, port 48618
      Cookie: atk7y7lrctrnqops2czxnw2upthdlqiw57ri
      TCP MSS: 0 (default)
[  6] local 192.168.0.10 port 5201 connected to 192.168.0.14 port 48626
Starting Test: protocol: TCP, 1 streams, 131072 byte blocks, omitting 0 seconds, 10 second test
[ ID] Interval           Transfer     Bandwidth
[  6]   0.00-1.00   sec  3.29 MBytes  27.5 Mbits/sec                  
[  6]   1.00-2.01   sec  4.20 MBytes  35.1 Mbits/sec                  
[  6]   2.01-3.00   sec  4.21 MBytes  35.5 Mbits/sec                  
[  6]   3.00-4.00   sec  4.09 MBytes  34.3 Mbits/sec                  
[  6]   4.00-5.00   sec  4.25 MBytes  35.7 Mbits/sec                  
[  6]   5.00-6.00   sec  3.79 MBytes  31.8 Mbits/sec                  
[  6]   6.00-7.00   sec  4.10 MBytes  34.4 Mbits/sec                  
[  6]   7.00-8.01   sec  3.42 MBytes  28.5 Mbits/sec                  
[  6]   8.01-9.01   sec  3.54 MBytes  29.7 Mbits/sec                  
[  6]   9.01-10.00  sec  3.77 MBytes  31.8 Mbits/sec                  
[  6]  10.00-10.05  sec   185 KBytes  33.9 Mbits/sec                  
- - - - - - - - - - - - - - - - - - - - - - - - -
Test Complete. Summary Results:
[ ID] Interval           Transfer     Bandwidth
[  6]   0.00-10.05  sec  0.00 Bytes  0.00 bits/sec                  sender
[  6]   0.00-10.05  sec  38.8 MBytes  32.4 Mbits/sec                  receiver
CPU Utilization: local/receiver 1.2% (0.7%u/0.5%s), remote/sender 0.0% (0.0%u/0.0%s)
iperf 3.1.3
CYGWIN_NT-10.0 Killer-PC 2.5.1(0.297/5/3) 2016-04-21 22:14 x86_64
