iperf 3.1.3
CYGWIN_NT-10.0 Killer-PC 2.5.1(0.297/5/3) 2016-04-21 22:14 x86_64
-----------------------------------------------------------
Server listening on 5201
-----------------------------------------------------------
Time: Thu, 31 Oct 2024 06:30:19 GMT
Accepted connection from 192.168.0.14, port 44548
      Cookie: thzv4wbndyb5thlx3ejoh4qadup4bjgtxhov
      TCP MSS: 0 (default)
[  6] local 192.168.0.6 port 5201 connected to 192.168.0.14 port 44564
Starting Test: protocol: TCP, 1 streams, 131072 byte blocks, omitting 0 seconds, 10 second test
[ ID] Interval           Transfer     Bandwidth
[  6]   0.00-1.01   sec  3.26 MBytes  27.1 Mbits/sec                  
[  6]   1.01-2.00   sec  3.13 MBytes  26.5 Mbits/sec                  
[  6]   2.00-3.00   sec  3.36 MBytes  28.2 Mbits/sec                  
[  6]   3.00-4.00   sec  3.42 MBytes  28.7 Mbits/sec                  
[  6]   4.00-5.00   sec  3.70 MBytes  31.0 Mbits/sec                  
[  6]   5.00-6.00   sec  3.80 MBytes  31.9 Mbits/sec                  
[  6]   6.00-7.00   sec  4.08 MBytes  34.3 Mbits/sec                  
[  6]   7.00-8.00   sec  3.86 MBytes  32.4 Mbits/sec                  
[  6]   8.00-9.00   sec  4.08 MBytes  34.2 Mbits/sec                  
[  6]   9.00-10.00  sec  4.37 MBytes  36.7 Mbits/sec                  
[  6]  10.00-10.05  sec   233 KBytes  35.1 Mbits/sec                  
- - - - - - - - - - - - - - - - - - - - - - - - -
Test Complete. Summary Results:
[ ID] Interval           Transfer     Bandwidth
[  6]   0.00-10.05  sec  0.00 Bytes  0.00 bits/sec                  sender
[  6]   0.00-10.05  sec  37.3 MBytes  31.1 Mbits/sec                  receiver
CPU Utilization: local/receiver 1.1% (0.3%u/0.8%s), remote/sender 0.0% (0.0%u/0.0%s)
iperf 3.1.3
CYGWIN_NT-10.0 Killer-PC 2.5.1(0.297/5/3) 2016-04-21 22:14 x86_64
-----------------------------------------------------------
Server listening on 5201
-----------------------------------------------------------
iperf3: interrupt - the server has terminated
